Using fixed seed: 43
Output directory: outputs/v13
Loaded 35600 rows, 17 features, 114 segments.
  price features : ['mid_price', 'micro_price', 'fractional_price', 'spread', 'obi_1', 'obi_10', 'obi_diff', 'tod_sin', 'tod_cos', 'logret_1000ms', 'logret_5000ms', 'logret_15000ms']
  vol features   : ['volatility_fast', 'volatility_med', 'volatility_slow', 'vol_of_vol', 'obi_momentum']
Split — train: 24920, val: 5340, test: 5340
  Saved scaler → outputs/v13/scaler.pkl
Sequences — train: (23175, 30, 17), val: (4823, 30, 17), test (stride=30): (151, 30, 17)
Using device: cpu
Model parameters: 145,601
  Class balance — pos: 11827, neg: 11348, pos_weight: 0.959

=== Vol-Transformer — Bitcoin Up/Down ===
Epoch   1/25 | loss 0.6694/0.6705 | AUC 0.6456/0.5635 | lr 3.00e-04
  ✓ Checkpoint saved (val AUC=0.5635)
Epoch   2/25 | loss 0.6463/0.6789 | AUC 0.6972/0.5595 | lr 3.00e-04
Epoch   3/25 | loss 0.6186/0.7032 | AUC 0.7426/0.5575 | lr 3.00e-04
Epoch   4/25 | loss 0.5839/0.7537 | AUC 0.7938/0.5473 | lr 3.00e-04
Epoch   5/25 | loss 0.5450/0.7730 | AUC 0.8365/0.5546 | lr 1.50e-04
Epoch   6/25 | loss 0.4970/0.8035 | AUC 0.8749/0.5583 | lr 1.50e-04
Early stopping at epoch 6.
  Saved training curves → outputs/v13/training_curves.png

Loaded best checkpoint (epoch 1).
Best threshold (val): 0.51

Test Accuracy : 0.4371
Test ROC-AUC  : 0.4786

Classification Report:
               precision    recall  f1-score   support

         0.0       0.52      0.26      0.35        87
         1.0       0.40      0.67      0.50        64

    accuracy                           0.44       151
   macro avg       0.46      0.47      0.43       151
weighted avg       0.47      0.44      0.42       151

Confusion Matrix:
 [[23 64]
 [21 43]]
  Saved metrics summary → outputs/v13/metrics_summary.txt
  Saved attention heatmap → outputs/v13/attention_heatmap.png
  Running t-SNE on 1500 samples (perplexity=30) …
  Saved t-SNE plot → outputs/v13/tsne.png

All outputs saved to: outputs/v13/
