Using fixed seed: 43
Output directory: outputs/v17
Loaded 35600 rows, 17 features, 114 segments.
  price features : ['mid_price', 'micro_price', 'fractional_price', 'spread', 'obi_1', 'obi_10', 'obi_diff', 'tod_sin', 'tod_cos', 'logret_1000ms', 'logret_5000ms', 'logret_15000ms']
  vol features   : ['volatility_fast', 'volatility_med', 'volatility_slow', 'vol_of_vol', 'obi_momentum']
Split — train: 24920, val: 5340, test: 5340
  Saved scaler → outputs/v17/scaler.pkl
Sequences — train: (23175, 30, 17), val: (4823, 30, 17), test (stride=30): (151, 30, 17)
Using device: cpu
Model parameters: 145,601
  Class balance — pos: 11827, neg: 11348, pos_weight: 0.959

=== Vol-Transformer — Bitcoin Up/Down ===
Epoch   1/25 | loss 0.6696/0.6699 | AUC 0.6438/0.5658 | lr 3.00e-04
  ✓ Checkpoint saved (val AUC=0.5658)
Epoch   2/25 | loss 0.6474/0.6742 | AUC 0.6924/0.5691 | lr 3.00e-04
  ✓ Checkpoint saved (val AUC=0.5691)
Epoch   3/25 | loss 0.6229/0.6902 | AUC 0.7236/0.5676 | lr 3.00e-04
Epoch   4/25 | loss 0.5967/0.7249 | AUC 0.7707/0.5460 | lr 3.00e-04
Epoch   5/25 | loss 0.5632/0.7424 | AUC 0.8160/0.5551 | lr 3.00e-04
Epoch   6/25 | loss 0.5233/0.7579 | AUC 0.8507/0.5636 | lr 1.50e-04
Epoch   7/25 | loss 0.4788/0.8144 | AUC 0.8869/0.5482 | lr 1.50e-04
Early stopping at epoch 7.
  Saved training curves → outputs/v17/training_curves.png

Loaded best checkpoint (epoch 2).
Best threshold (val): 0.55

Test Accuracy : 0.4702
Test ROC-AUC  : 0.4881

Classification Report:
               precision    recall  f1-score   support

         0.0       0.56      0.36      0.44        87
         1.0       0.42      0.62      0.50        64

    accuracy                           0.47       151
   macro avg       0.49      0.49      0.47       151
weighted avg       0.50      0.47      0.46       151

Confusion Matrix:
 [[31 56]
 [24 40]]
  Saved metrics summary → outputs/v17/metrics_summary.txt
  Saved attention heatmap → outputs/v17/attention_heatmap.png
  Running t-SNE on 1500 samples (perplexity=30) …
  Saved t-SNE plot → outputs/v17/tsne.png

All outputs saved to: outputs/v17/
