Using fixed seed: 42
Output directory: outputs/v22
Loaded 35600 rows, 17 features, 114 segments.
  price features : ['mid_price', 'micro_price', 'fractional_price', 'spread', 'obi_1', 'obi_10', 'obi_diff', 'tod_sin', 'tod_cos', 'logret_1000ms', 'logret_5000ms', 'logret_15000ms']
  vol features   : ['volatility_fast', 'volatility_med', 'volatility_slow', 'vol_of_vol', 'obi_momentum']
Split — train: 24920, val: 5340, test: 5340
  Saved scaler → outputs/v22/scaler.pkl
Sequences — train: (23175, 30, 17), val: (4823, 30, 17), test (stride=30): (151, 30, 17)
Using device: cpu
Model parameters: 145,601
  Class balance — pos: 11827, neg: 11348, pos_weight: 0.959

=== Vol-Transformer — Bitcoin Up/Down ===
Epoch   1/25 | loss 0.6697/0.6883 | AUC 0.6421/0.5135 | lr 3.00e-04
  ✓ Checkpoint saved (val AUC=0.5135)
Epoch   2/25 | loss 0.6463/0.7147 | AUC 0.6973/0.5373 | lr 3.00e-04
  ✓ Checkpoint saved (val AUC=0.5373)
Epoch   3/25 | loss 0.6200/0.7441 | AUC 0.7511/0.5269 | lr 3.00e-04
Epoch   4/25 | loss 0.5896/0.8271 | AUC 0.7808/0.5345 | lr 3.00e-04
Epoch   5/25 | loss 0.5540/0.8313 | AUC 0.8379/0.5371 | lr 3.00e-04
Epoch   6/25 | loss 0.5214/0.8996 | AUC 0.8629/0.5357 | lr 1.50e-04
Epoch   7/25 | loss 0.4758/0.9499 | AUC 0.8885/0.5244 | lr 1.50e-04
Early stopping at epoch 7.
  Saved training curves → outputs/v22/training_curves.png

Loaded best checkpoint (epoch 2).
Best threshold (val): 0.38

Test Accuracy : 0.4238
Test ROC-AUC  : 0.4495

Classification Report:
               precision    recall  f1-score   support

         0.0       0.50      0.26      0.35        87
         1.0       0.39      0.64      0.49        64

    accuracy                           0.42       151
   macro avg       0.45      0.45      0.42       151
weighted avg       0.45      0.42      0.40       151

Confusion Matrix:
 [[23 64]
 [23 41]]
  Saved metrics summary → outputs/v22/metrics_summary.txt
  Saved attention heatmap → outputs/v22/attention_heatmap.png
  Running t-SNE on 1500 samples (perplexity=30) …
  Saved t-SNE plot → outputs/v22/tsne.png

All outputs saved to: outputs/v22/
