Using fixed seed: 42
Output directory: outputs/v24
Loaded 35600 rows, 17 features, 114 segments.
  price features : ['mid_price', 'micro_price', 'fractional_price', 'spread', 'obi_1', 'obi_10', 'obi_diff', 'tod_sin', 'tod_cos', 'logret_1000ms', 'logret_5000ms', 'logret_15000ms']
  vol features   : ['volatility_fast', 'volatility_med', 'volatility_slow', 'vol_of_vol', 'obi_momentum']
Split — train: 24920, val: 5340, test: 5340
  Saved scaler → outputs/v24/scaler.pkl
Sequences — train: (23175, 30, 17), val: (4823, 30, 17), test (stride=30): (151, 30, 17)
Using device: cpu
Model parameters: 145,601
  Class balance — pos: 11827, neg: 11348, pos_weight: 0.959

=== Vol-Transformer — Bitcoin Up/Down ===
Epoch   1/25 | loss 0.6695/0.6884 | AUC 0.6441/0.5152 | lr 3.00e-04
  ✓ Checkpoint saved (val AUC=0.5152)
Epoch   2/25 | loss 0.6451/0.7166 | AUC 0.7002/0.5448 | lr 3.00e-04
  ✓ Checkpoint saved (val AUC=0.5448)
Epoch   3/25 | loss 0.6158/0.7544 | AUC 0.7618/0.5406 | lr 3.00e-04
Epoch   4/25 | loss 0.5794/0.8519 | AUC 0.7936/0.5428 | lr 3.00e-04
Epoch   5/25 | loss 0.5436/0.8598 | AUC 0.8465/0.5536 | lr 3.00e-04
  ✓ Checkpoint saved (val AUC=0.5536)
Epoch   6/25 | loss 0.5057/0.9496 | AUC 0.8728/0.5561 | lr 3.00e-04
  ✓ Checkpoint saved (val AUC=0.5561)
Epoch   7/25 | loss 0.4718/0.9701 | AUC 0.9031/0.5481 | lr 3.00e-04
Epoch   8/25 | loss 0.4446/1.0601 | AUC 0.9201/0.5317 | lr 3.00e-04
Epoch   9/25 | loss 0.4108/1.1297 | AUC 0.9305/0.5395 | lr 3.00e-04
Epoch  10/25 | loss 0.3886/1.2395 | AUC 0.9448/0.5300 | lr 1.50e-04
Epoch  11/25 | loss 0.3584/1.2312 | AUC 0.9510/0.5209 | lr 1.50e-04
Early stopping at epoch 11.
  Saved training curves → outputs/v24/training_curves.png

Loaded best checkpoint (epoch 6).
Best threshold (val): 0.70

Test Accuracy : 0.4768
Test ROC-AUC  : 0.5120

Classification Report:
               precision    recall  f1-score   support

         0.0       0.56      0.46      0.50        87
         1.0       0.41      0.50      0.45        64

    accuracy                           0.48       151
   macro avg       0.48      0.48      0.48       151
weighted avg       0.49      0.48      0.48       151

Confusion Matrix:
 [[40 47]
 [32 32]]
  Saved metrics summary → outputs/v24/metrics_summary.txt
  Saved attention heatmap → outputs/v24/attention_heatmap.png
  Running t-SNE on 1500 samples (perplexity=30) …
  Saved t-SNE plot → outputs/v24/tsne.png

All outputs saved to: outputs/v24/
