Using fixed seed: 42
Output directory: outputs/v26
Loaded 35600 rows, 17 features, 114 segments.
  price features : ['mid_price', 'micro_price', 'fractional_price', 'spread', 'obi_1', 'obi_10', 'obi_diff', 'tod_sin', 'tod_cos', 'logret_1000ms', 'logret_5000ms', 'logret_15000ms']
  vol features   : ['volatility_fast', 'volatility_med', 'volatility_slow', 'vol_of_vol', 'obi_momentum']
Split — train: 24920, val: 5340, test: 5340
  Saved scaler → outputs/v26/scaler.pkl
Sequences — train: (23175, 30, 17), val: (4823, 30, 17), test (stride=30): (151, 30, 17)
Using device: cpu
Model parameters: 145,601
  Class balance — pos: 11827, neg: 11348, pos_weight: 0.959

=== Vol-Transformer — Bitcoin Up/Down ===
Epoch   1/25 | loss 0.6696/0.6881 | AUC 0.6430/0.5146 | lr 3.00e-04
  ✓ Checkpoint saved (val AUC=0.5146)
Epoch   2/25 | loss 0.6457/0.7154 | AUC 0.6987/0.5404 | lr 3.00e-04
  ✓ Checkpoint saved (val AUC=0.5404)
Epoch   3/25 | loss 0.6181/0.7499 | AUC 0.7567/0.5309 | lr 3.00e-04
Epoch   4/25 | loss 0.5845/0.8342 | AUC 0.7891/0.5397 | lr 3.00e-04
Epoch   5/25 | loss 0.5479/0.8445 | AUC 0.8437/0.5465 | lr 3.00e-04
  ✓ Checkpoint saved (val AUC=0.5465)
Epoch   6/25 | loss 0.5117/0.9206 | AUC 0.8672/0.5452 | lr 3.00e-04
Epoch   7/25 | loss 0.4767/0.9624 | AUC 0.9026/0.5338 | lr 3.00e-04
Epoch   8/25 | loss 0.4482/1.0544 | AUC 0.9164/0.5229 | lr 3.00e-04
Epoch   9/25 | loss 0.4173/1.1178 | AUC 0.9274/0.5300 | lr 1.50e-04
Epoch  10/25 | loss 0.3840/1.1850 | AUC 0.9425/0.5214 | lr 1.50e-04
Early stopping at epoch 10.
  Saved training curves → outputs/v26/training_curves.png

Loaded best checkpoint (epoch 5).
Best threshold (val): 0.53

Test Accuracy : 0.4570
Test ROC-AUC  : 0.5036

Classification Report:
               precision    recall  f1-score   support

         0.0       0.54      0.38      0.45        87
         1.0       0.40      0.56      0.47        64

    accuracy                           0.46       151
   macro avg       0.47      0.47      0.46       151
weighted avg       0.48      0.46      0.46       151

Confusion Matrix:
 [[33 54]
 [28 36]]
  Saved metrics summary → outputs/v26/metrics_summary.txt
  Saved attention heatmap → outputs/v26/attention_heatmap.png
  Running t-SNE on 1500 samples (perplexity=30) …
  Saved t-SNE plot → outputs/v26/tsne.png

All outputs saved to: outputs/v26/
