Using fixed seed: 43
Output directory: outputs/v37
Loaded 35600 rows, 17 features, 114 segments.
  price features : ['mid_price', 'micro_price', 'fractional_price', 'spread', 'obi_1', 'obi_10', 'obi_diff', 'tod_sin', 'tod_cos', 'logret_1000ms', 'logret_5000ms', 'logret_15000ms']
  vol features   : ['volatility_fast', 'volatility_med', 'volatility_slow', 'vol_of_vol', 'obi_momentum']
Split — train: 24920, val: 5340, test: 5340
  Saved scaler → outputs/v37/scaler.pkl
Sequences — train: (23175, 30, 17), val: (4823, 30, 17), test (stride=30): (151, 30, 17)
Using device: cpu
Model parameters: 145,601
  Class balance — pos: 11827, neg: 11348, pos_weight: 0.959

=== Vol-Transformer — Bitcoin Up/Down ===
Epoch   1/25 | loss 0.6727/0.6739 | AUC 0.6234/0.5406 | lr 3.00e-04
  ✓ Checkpoint saved (val AUC=0.5406)
Epoch   2/25 | loss 0.6569/0.6699 | AUC 0.6687/0.5715 | lr 3.00e-04
  ✓ Checkpoint saved (val AUC=0.5715)
Epoch   3/25 | loss 0.6382/0.6819 | AUC 0.6976/0.5552 | lr 3.00e-04
Epoch   4/25 | loss 0.6219/0.6919 | AUC 0.7382/0.5687 | lr 3.00e-04
Epoch   5/25 | loss 0.6053/0.7488 | AUC 0.7674/0.5344 | lr 3.00e-04
Epoch   6/25 | loss 0.5826/0.7242 | AUC 0.7863/0.5410 | lr 1.50e-04
Epoch   7/25 | loss 0.5593/0.7822 | AUC 0.8153/0.5319 | lr 1.50e-04
Early stopping at epoch 7.
  Saved training curves → outputs/v37/training_curves.png

Loaded best checkpoint (epoch 2).
Best threshold (val): 0.53

Test Accuracy : 0.4503
Test ROC-AUC  : 0.4670

Classification Report:
               precision    recall  f1-score   support

         0.0       0.55      0.28      0.37        87
         1.0       0.41      0.69      0.51        64

    accuracy                           0.45       151
   macro avg       0.48      0.48      0.44       151
weighted avg       0.49      0.45      0.43       151

Confusion Matrix:
 [[24 63]
 [20 44]]
  Saved metrics summary → outputs/v37/metrics_summary.txt
  Saved attention heatmap → outputs/v37/attention_heatmap.png
  Running t-SNE on 1500 samples (perplexity=30) …
  Saved t-SNE plot → outputs/v37/tsne.png

All outputs saved to: outputs/v37/
