Using fixed seed: 43
Output directory: outputs/v45
Loaded 35600 rows, 17 features, 114 segments.
  price features : ['mid_price', 'micro_price', 'fractional_price', 'spread', 'obi_1', 'obi_10', 'obi_diff', 'tod_sin', 'tod_cos', 'logret_1000ms', 'logret_5000ms', 'logret_15000ms']
  vol features   : ['volatility_fast', 'volatility_med', 'volatility_slow', 'vol_of_vol', 'obi_momentum']
Split — train: 24920, val: 5340, test: 5340
  Saved scaler → outputs/v45/scaler.pkl
Sequences — train: (23175, 30, 17), val: (4823, 30, 17), test (stride=30): (151, 30, 17)
Using device: cpu
Model parameters: 145,601
  Class balance — pos: 11827, neg: 11348, pos_weight: 0.959

=== Vol-Transformer — Bitcoin Up/Down ===
Epoch   1/25 | loss 0.6727/0.6738 | AUC 0.6224/0.5410 | lr 3.00e-04
  ✓ Checkpoint saved (val AUC=0.5410)
Epoch   2/25 | loss 0.6571/0.6694 | AUC 0.6680/0.5735 | lr 3.00e-04
  ✓ Checkpoint saved (val AUC=0.5735)
Epoch   3/25 | loss 0.6390/0.6815 | AUC 0.6950/0.5542 | lr 3.00e-04
Epoch   4/25 | loss 0.6239/0.6874 | AUC 0.7326/0.5715 | lr 3.00e-04
Epoch   5/25 | loss 0.6084/0.7426 | AUC 0.7574/0.5292 | lr 3.00e-04
Epoch   6/25 | loss 0.5884/0.7173 | AUC 0.7749/0.5414 | lr 1.50e-04
Epoch   7/25 | loss 0.5663/0.7743 | AUC 0.8064/0.5285 | lr 1.50e-04
Early stopping at epoch 7.
  Saved training curves → outputs/v45/training_curves.png

Loaded best checkpoint (epoch 2).
Best threshold (val): 0.50

Test Accuracy : 0.4305
Test ROC-AUC  : 0.4646

Classification Report:
               precision    recall  f1-score   support

         0.0       0.52      0.20      0.28        87
         1.0       0.41      0.75      0.53        64

    accuracy                           0.43       151
   macro avg       0.46      0.47      0.41       151
weighted avg       0.47      0.43      0.39       151

Confusion Matrix:
 [[17 70]
 [16 48]]
  Saved metrics summary → outputs/v45/metrics_summary.txt
  Saved attention heatmap → outputs/v45/attention_heatmap.png
  Running t-SNE on 1500 samples (perplexity=30) …
  Saved t-SNE plot → outputs/v45/tsne.png

All outputs saved to: outputs/v45/
