Using fixed seed: 43
Output directory: outputs/v47
Loaded 35600 rows, 17 features, 114 segments.
  price features : ['mid_price', 'micro_price', 'fractional_price', 'spread', 'obi_1', 'obi_10', 'obi_diff', 'tod_sin', 'tod_cos', 'logret_1000ms', 'logret_5000ms', 'logret_15000ms']
  vol features   : ['volatility_fast', 'volatility_med', 'volatility_slow', 'vol_of_vol', 'obi_momentum']
Split — train: 24920, val: 5340, test: 5340
  Saved scaler → outputs/v47/scaler.pkl
Sequences — train: (23175, 30, 17), val: (4823, 30, 17), test (stride=30): (151, 30, 17)
Using device: cpu
Model parameters: 145,601
  Class balance — pos: 11827, neg: 11348, pos_weight: 0.959

=== Vol-Transformer — Bitcoin Up/Down ===
Epoch   1/25 | loss 0.6727/0.6737 | AUC 0.6217/0.5422 | lr 3.00e-04
  ✓ Checkpoint saved (val AUC=0.5422)
Epoch   2/25 | loss 0.6574/0.6691 | AUC 0.6669/0.5748 | lr 3.00e-04
  ✓ Checkpoint saved (val AUC=0.5748)
Epoch   3/25 | loss 0.6398/0.6814 | AUC 0.6934/0.5541 | lr 3.00e-04
Epoch   4/25 | loss 0.6258/0.6855 | AUC 0.7280/0.5713 | lr 3.00e-04
Epoch   5/25 | loss 0.6111/0.7365 | AUC 0.7520/0.5271 | lr 3.00e-04
Epoch   6/25 | loss 0.5939/0.7104 | AUC 0.7655/0.5408 | lr 1.50e-04
Epoch   7/25 | loss 0.5742/0.7643 | AUC 0.7924/0.5270 | lr 1.50e-04
Early stopping at epoch 7.
  Saved training curves → outputs/v47/training_curves.png

Loaded best checkpoint (epoch 2).
Best threshold (val): 0.50

Test Accuracy : 0.4305
Test ROC-AUC  : 0.4641

Classification Report:
               precision    recall  f1-score   support

         0.0       0.52      0.20      0.28        87
         1.0       0.41      0.75      0.53        64

    accuracy                           0.43       151
   macro avg       0.46      0.47      0.41       151
weighted avg       0.47      0.43      0.39       151

Confusion Matrix:
 [[17 70]
 [16 48]]
  Saved metrics summary → outputs/v47/metrics_summary.txt
  Saved attention heatmap → outputs/v47/attention_heatmap.png
  Running t-SNE on 1500 samples (perplexity=30) …
  Saved t-SNE plot → outputs/v47/tsne.png

All outputs saved to: outputs/v47/
