Using fixed seed: 43
Output directory: outputs/v49
Loaded 35600 rows, 17 features, 114 segments.
  price features : ['mid_price', 'micro_price', 'fractional_price', 'spread', 'obi_1', 'obi_10', 'obi_diff', 'tod_sin', 'tod_cos', 'logret_1000ms', 'logret_5000ms', 'logret_15000ms']
  vol features   : ['volatility_fast', 'volatility_med', 'volatility_slow', 'vol_of_vol', 'obi_momentum']
Split — train: 24920, val: 5340, test: 5340
  Saved scaler → outputs/v49/scaler.pkl
Sequences — train: (23175, 30, 17), val: (4823, 30, 17), test (stride=30): (151, 30, 17)
Using device: cpu
Model parameters: 145,601
  Class balance — pos: 11827, neg: 11348, pos_weight: 0.959

=== Vol-Transformer — Bitcoin Up/Down ===
Epoch   1/25 | loss 0.6768/0.6774 | AUC 0.5936/0.5031 | lr 3.00e-04
  ✓ Checkpoint saved (val AUC=0.5031)
Epoch   2/25 | loss 0.6671/0.6718 | AUC 0.6304/0.5602 | lr 3.00e-04
  ✓ Checkpoint saved (val AUC=0.5602)
Epoch   3/25 | loss 0.6564/0.6817 | AUC 0.6638/0.5411 | lr 3.00e-04
Epoch   4/25 | loss 0.6440/0.6815 | AUC 0.6887/0.5701 | lr 3.00e-04
  ✓ Checkpoint saved (val AUC=0.5701)
Epoch   5/25 | loss 0.6342/0.6921 | AUC 0.7189/0.5464 | lr 3.00e-04
Epoch   6/25 | loss 0.6248/0.7031 | AUC 0.7242/0.5367 | lr 3.00e-04
Epoch   7/25 | loss 0.6144/0.7164 | AUC 0.7469/0.5326 | lr 3.00e-04
Epoch   8/25 | loss 0.6033/0.7218 | AUC 0.7629/0.5444 | lr 1.50e-04
Epoch   9/25 | loss 0.5926/0.7563 | AUC 0.7717/0.5121 | lr 1.50e-04
Early stopping at epoch 9.
  Saved training curves → outputs/v49/training_curves.png

Loaded best checkpoint (epoch 4).
Best threshold (val): 0.47

Test Accuracy : 0.4570
Test ROC-AUC  : 0.4688

Classification Report:
               precision    recall  f1-score   support

         0.0       0.56      0.28      0.37        87
         1.0       0.42      0.70      0.52        64

    accuracy                           0.46       151
   macro avg       0.49      0.49      0.45       151
weighted avg       0.50      0.46      0.43       151

Confusion Matrix:
 [[24 63]
 [19 45]]
  Saved metrics summary → outputs/v49/metrics_summary.txt
  Saved attention heatmap → outputs/v49/attention_heatmap.png
  Running t-SNE on 1500 samples (perplexity=30) …
  Saved t-SNE plot → outputs/v49/tsne.png

All outputs saved to: outputs/v49/
