Using fixed seed: 42
Output directory: outputs/v60
Loaded 35600 rows, 17 features, 114 segments.
  price features : ['mid_price', 'micro_price', 'fractional_price', 'spread', 'obi_1', 'obi_10', 'obi_diff', 'tod_sin', 'tod_cos', 'logret_1000ms', 'logret_5000ms', 'logret_15000ms']
  vol features   : ['volatility_fast', 'volatility_med', 'volatility_slow', 'vol_of_vol', 'obi_momentum']
Split — train: 24920, val: 5340, test: 5340
  Saved scaler → outputs/v60/scaler.pkl
Sequences — train: (23175, 30, 17), val: (4823, 30, 17), test (stride=30): (151, 30, 17)
Using device: cpu
Model parameters: 145,601
  Class balance — pos: 11827, neg: 11348, pos_weight: 0.959

=== Vol-Transformer — Bitcoin Up/Down ===
Epoch   1/25 | loss 0.6763/0.6792 | AUC 0.6102/0.4930 | lr 3.00e-04
  ✓ Checkpoint saved (val AUC=0.4930)
Epoch   2/25 | loss 0.6659/0.6862 | AUC 0.6475/0.5306 | lr 3.00e-04
  ✓ Checkpoint saved (val AUC=0.5306)
Epoch   3/25 | loss 0.6555/0.6890 | AUC 0.6808/0.5266 | lr 3.00e-04
Epoch   4/25 | loss 0.6445/0.7068 | AUC 0.6881/0.5180 | lr 3.00e-04
Epoch   5/25 | loss 0.6330/0.6986 | AUC 0.7148/0.5372 | lr 3.00e-04
  ✓ Checkpoint saved (val AUC=0.5372)
Epoch   6/25 | loss 0.6230/0.7329 | AUC 0.7410/0.5019 | lr 3.00e-04
Epoch   7/25 | loss 0.6127/0.7300 | AUC 0.7473/0.5183 | lr 3.00e-04
Epoch   8/25 | loss 0.5992/0.7647 | AUC 0.7743/0.5122 | lr 3.00e-04
Epoch   9/25 | loss 0.5861/0.7722 | AUC 0.7916/0.5360 | lr 1.50e-04
Epoch  10/25 | loss 0.5772/0.7944 | AUC 0.8081/0.5317 | lr 1.50e-04
Early stopping at epoch 10.
  Saved training curves → outputs/v60/training_curves.png

Loaded best checkpoint (epoch 5).
Best threshold (val): 0.49

Test Accuracy : 0.4503
Test ROC-AUC  : 0.4635

Classification Report:
               precision    recall  f1-score   support

         0.0       0.54      0.31      0.39        87
         1.0       0.41      0.64      0.50        64

    accuracy                           0.45       151
   macro avg       0.47      0.48      0.45       151
weighted avg       0.48      0.45      0.44       151

Confusion Matrix:
 [[27 60]
 [23 41]]
  Saved metrics summary → outputs/v60/metrics_summary.txt
  Saved attention heatmap → outputs/v60/attention_heatmap.png
  Running t-SNE on 1500 samples (perplexity=30) …
  Saved t-SNE plot → outputs/v60/tsne.png

All outputs saved to: outputs/v60/
