Using fixed seed: 43
Output directory: outputs/v65
Loaded 35600 rows, 17 features, 114 segments.
  price features : ['mid_price', 'micro_price', 'fractional_price', 'spread', 'obi_1', 'obi_10', 'obi_diff', 'tod_sin', 'tod_cos', 'logret_1000ms', 'logret_5000ms', 'logret_15000ms']
  vol features   : ['volatility_fast', 'volatility_med', 'volatility_slow', 'vol_of_vol', 'obi_momentum']
Split — train: 24920, val: 5340, test: 5340
  Saved scaler → outputs/v65/scaler.pkl
Sequences — train: (23175, 30, 17), val: (4823, 30, 17), test (stride=30): (151, 30, 17)
Using device: cpu
Model parameters: 145,601
  Class balance — pos: 11827, neg: 11348, pos_weight: 0.959

=== Vol-Transformer — Bitcoin Up/Down ===
Epoch   1/25 | loss 0.6768/0.6773 | AUC 0.5934/0.5051 | lr 3.00e-04
  ✓ Checkpoint saved (val AUC=0.5051)
Epoch   2/25 | loss 0.6673/0.6725 | AUC 0.6277/0.5567 | lr 3.00e-04
  ✓ Checkpoint saved (val AUC=0.5567)
Epoch   3/25 | loss 0.6573/0.6795 | AUC 0.6589/0.5414 | lr 3.00e-04
Epoch   4/25 | loss 0.6454/0.6792 | AUC 0.6852/0.5728 | lr 3.00e-04
  ✓ Checkpoint saved (val AUC=0.5728)
Epoch   5/25 | loss 0.6364/0.6888 | AUC 0.7114/0.5480 | lr 3.00e-04
Epoch   6/25 | loss 0.6280/0.6994 | AUC 0.7170/0.5310 | lr 3.00e-04
Epoch   7/25 | loss 0.6187/0.7068 | AUC 0.7349/0.5335 | lr 3.00e-04
Epoch   8/25 | loss 0.6086/0.7142 | AUC 0.7552/0.5303 | lr 1.50e-04
Epoch   9/25 | loss 0.5991/0.7423 | AUC 0.7635/0.5076 | lr 1.50e-04
Early stopping at epoch 9.
  Saved training curves → outputs/v65/training_curves.png

Loaded best checkpoint (epoch 4).
Best threshold (val): 0.47

Test Accuracy : 0.4437
Test ROC-AUC  : 0.4691

Classification Report:
               precision    recall  f1-score   support

         0.0       0.54      0.24      0.33        87
         1.0       0.41      0.72      0.52        64

    accuracy                           0.44       151
   macro avg       0.47      0.48      0.43       151
weighted avg       0.48      0.44      0.41       151

Confusion Matrix:
 [[21 66]
 [18 46]]
  Saved metrics summary → outputs/v65/metrics_summary.txt
  Saved attention heatmap → outputs/v65/attention_heatmap.png
  Running t-SNE on 1500 samples (perplexity=30) …
  Saved t-SNE plot → outputs/v65/tsne.png

All outputs saved to: outputs/v65/
